2021-01-06T07:06:01+00:00 NOTICE sync_store :: posting data :: Array
(
    [store_post] => Array
        (
            [id] => 5ff55d17cb37e
            [is_syncing] => 
            [platform] => woocommerce
            [list_id] => 6f79713c1e
            [name] => H & N Cosmetics
            [domain] => http://localhost:8082/hncosmetics
            [email_address] => ntnh5600@gmail.com
            [currency_code] => VND
            [money_format] => ₫
            [primary_locale] => en_US
            [timezone] => +00:00
            [phone] => 0938450841
            [address] => Array
                (
                    [address1] => ward 2, thu duc district, ho chi minh city
                    [city] => Ho Chi Minh
                    [province] => thu duc
                    [postal_code] => 700000
                    [country] => VN
                    [country_code] => VN
                    [phone] => 0938450841
                    [company] => H & N Cosmetics
                )

        )

)

2021-01-06T07:06:08+00:00 NOTICE sync_store :: posting data :: Array
(
    [store_post] => Array
        (
            [id] => 5ff55d17cb37e
            [is_syncing] => 
            [platform] => woocommerce
            [list_id] => 6f79713c1e
            [name] => H & N Cosmetics
            [domain] => http://localhost:8082/hncosmetics
            [email_address] => ntnh5600@gmail.com
            [currency_code] => VND
            [money_format] => ₫
            [primary_locale] => en_US
            [timezone] => +00:00
            [phone] => 0938450841
            [address] => Array
                (
                    [address1] => ward 2, thu duc district, ho chi minh city
                    [city] => Ho Chi Minh
                    [province] => thu duc
                    [postal_code] => 700000
                    [country] => VN
                    [country_code] => VN
                    [phone] => 0938450841
                    [company] => H & N Cosmetics
                )

        )

)

2021-01-06T07:06:13+00:00 NOTICE sync_store :: posting data :: Array
(
    [store_post] => Array
        (
            [id] => 5ff55d17cb37e
            [is_syncing] => 
            [platform] => woocommerce
            [list_id] => 6f79713c1e
            [name] => H & N Cosmetics
            [domain] => http://localhost:8082/hncosmetics
            [email_address] => ntnh5600@gmail.com
            [currency_code] => VND
            [money_format] => ₫
            [primary_locale] => en_US
            [timezone] => +00:00
            [phone] => 0938450841
            [address] => Array
                (
                    [address1] => ward 2, thu duc district, ho chi minh city
                    [city] => Ho Chi Minh
                    [province] => thu duc
                    [postal_code] => 700000
                    [country] => VN
                    [country_code] => VN
                    [phone] => 0938450841
                    [company] => H & N Cosmetics
                )

        )

)

2021-01-06T07:06:16+00:00 NOTICE mailchimp-woocommerce-sync.started :: Starting Sync :: Wed, Jan 6, 2021 7:06 AM
2021-01-06T07:06:17+00:00 NOTICE action_scheduler.queue_job :: MailChimp_WooCommerce_Process_Coupons queued :: page 1
2021-01-06T07:06:56+00:00 NOTICE coupon_sync.completed :: Done with the coupon queueing.
2021-01-06T07:06:56+00:00 NOTICE sync.full_sync_manager.queue :: Starting PRODUCTS queueing.
2021-01-06T07:06:56+00:00 NOTICE action_scheduler.queue_job :: MailChimp_WooCommerce_Process_Products queued :: page 1
2021-01-06T07:06:59+00:00 NOTICE product_sync.completed :: Done with the product queuing
2021-01-06T07:08:02+00:00 NOTICE action_scheduler.queue_job :: MailChimp_WooCommerce_Process_Orders queued :: page 1
2021-01-06T07:08:04+00:00 NOTICE order_sync.completed :: Done with the order queueing.
2021-01-06T07:10:03+00:00 NOTICE sync.completed :: Finished Sync :: Wed, Jan 6, 2021 7:10 AM (total time: 00:03:47)
2021-01-06T07:44:44+00:00 NOTICE action_scheduler.queue_job :: MailChimp_WooCommerce_Single_Product starts in 5 seconds :: obj_id 99
2021-01-06T07:45:06+00:00 NOTICE product_submit.success :: addStoreProduct :: #99
2021-01-06T07:46:04+00:00 NOTICE action_scheduler.queue_job :: MailChimp_WooCommerce_Single_Product starts in 5 seconds :: obj_id 99
2021-01-06T07:46:57+00:00 NOTICE product_submit.success :: updateStoreProduct :: #99
